[debug] [2024-06-01T15:44:35.048Z] ----------------------------------------------------------------------
[debug] [2024-06-01T15:44:35.050Z] Command:       C:\Program Files\nodejs\node.exe C:\Users\ASUS\AppData\Roaming\npm\node_modules\firebase-tools\lib\bin\firebase.js init
[debug] [2024-06-01T15:44:35.050Z] CLI Version:   11.25.1
[debug] [2024-06-01T15:44:35.051Z] Platform:      win32
[debug] [2024-06-01T15:44:35.051Z] Node Version:  v18.18.0
[debug] [2024-06-01T15:44:35.052Z] Time:          Sat Jun 01 2024 21:14:35 GMT+0530 (India Standard Time)
[debug] [2024-06-01T15:44:35.052Z] ----------------------------------------------------------------------
[debug] 
[debug] [2024-06-01T15:44:35.056Z] >>> [apiv2][query] GET https://firebase-public.firebaseio.com/cli.json [none]
[debug] [2024-06-01T15:44:35.183Z] > command requires scopes: ["email","openid","https://www.googleapis.com/auth/cloudplatformprojects.readonly","https://www.googleapis.com/auth/firebase","https://www.googleapis.com/auth/cloud-platform"]
[debug] [2024-06-01T15:44:35.183Z] > authorizing via signed-in user (sonupandit1680@gmail.com)
[info] 
     ######## #### ########  ######## ########     ###     ######  ########
     ##        ##  ##     ## ##       ##     ##  ##   ##  ##       ##
     ######    ##  ########  ######   ########  #########  ######  ######
     ##        ##  ##    ##  ##       ##     ## ##     ##       ## ##
     ##       #### ##     ## ######## ########  ##     ##  ######  ########

You're about to initialize a Firebase project in this directory:

  D:\projects\weather-app

Before we get started, keep in mind:

  * You are initializing within an existing Firebase project directory

[debug] [2024-06-01T15:44:36.065Z] <<< [apiv2][status] GET https://firebase-public.firebaseio.com/cli.json 200
[debug] [2024-06-01T15:44:36.066Z] <<< [apiv2][body] GET https://firebase-public.firebaseio.com/cli.json {"cloudBuildErrorAfter":1594252800000,"cloudBuildWarnAfter":1590019200000,"defaultNode10After":1594252800000,"minVersion":"3.0.5","node8DeploysDisabledAfter":1613390400000,"node8RuntimeDisabledAfter":1615809600000,"node8WarnAfter":1600128000000}
